0 info it worked if it ends with ok
1 verbose cli [ 'D:\\ProgramFiles\\Node.js\\\\node.exe',
1 verbose cli   'D:\\ProgramFiles\\Node.js\\node_modules\\npm\\bin\\npm-cli.js',
1 verbose cli   'install',
1 verbose cli   'fs' ]
2 info using npm@1.4.28
3 info using node@v0.10.32
4 verbose node symlink D:\ProgramFiles\Node.js\\node.exe
5 verbose cache add [ 'fs', null ]
6 verbose cache add name=undefined spec="fs" args=["fs",null]
7 verbose parsed url { protocol: null,
7 verbose parsed url   slashes: null,
7 verbose parsed url   auth: null,
7 verbose parsed url   host: null,
7 verbose parsed url   port: null,
7 verbose parsed url   hostname: null,
7 verbose parsed url   hash: null,
7 verbose parsed url   search: null,
7 verbose parsed url   query: null,
7 verbose parsed url   pathname: 'fs',
7 verbose parsed url   path: 'fs',
7 verbose parsed url   href: 'fs' }
8 silly lockFile 3f4bb586-fs fs
9 verbose lock fs C:\Users\张红玉\AppData\Roaming\npm-cache\3f4bb586-fs.lock
10 silly lockFile 3f4bb586-fs fs
11 silly lockFile 3f4bb586-fs fs
12 verbose addNamed [ 'fs', '' ]
13 verbose addNamed [ null, '*' ]
14 silly lockFile a107b96b-fs fs@
15 verbose lock fs@ C:\Users\张红玉\AppData\Roaming\npm-cache\a107b96b-fs.lock
16 silly addNameRange { name: 'fs', range: '*', hasData: false }
17 verbose request where is /fs
18 verbose request registry https://registry.npmjs.org/
19 verbose request id 3250284b2c49557c
20 verbose url raw /fs
21 verbose url resolving [ 'https://registry.npmjs.org/', './fs' ]
22 verbose url resolved https://registry.npmjs.org/fs
23 verbose request where is https://registry.npmjs.org/fs
24 info trying registry request attempt 1 at 10:58:40
25 http GET https://registry.npmjs.org/fs
26 info retry will retry, error on last attempt: Error: connect ETIMEDOUT
27 info trying registry request attempt 2 at 10:59:11
28 http GET https://registry.npmjs.org/fs
29 info retry will retry, error on last attempt: Error: connect ETIMEDOUT
30 info trying registry request attempt 3 at 11:00:32
31 http GET https://registry.npmjs.org/fs
32 silly lockFile a107b96b-fs fs@
33 silly lockFile a107b96b-fs fs@
34 error network connect ETIMEDOUT
34 error network This is most likely not a problem with npm itself
34 error network and is related to network connectivity.
34 error network In most cases you are behind a proxy or have bad network settings.
34 error network
34 error network If you are behind a proxy, please make sure that the
34 error network 'proxy' config is set properly.  See: 'npm help config'
35 error System Windows_NT 6.2.9200
36 error command "D:\\ProgramFiles\\Node.js\\\\node.exe" "D:\\ProgramFiles\\Node.js\\node_modules\\npm\\bin\\npm-cli.js" "install" "fs"
37 error cwd G:\WDAPP
38 error node -v v0.10.32
39 error npm -v 1.4.28
40 error syscall connect
41 error code ETIMEDOUT
42 error errno ETIMEDOUT
43 verbose exit [ 1, true ]
